Modules Release 4.8.0 (2021-07-14)
DCC-SW: Added modules (2021-nov/XeonE5-2660v3)
DCC-SW: Removed standard modules: /apps/dcc/etc/ModulesSL73/modulefiles
DCC-SW: Using gnu/11.2.0 compiler
DCC-SW: Released modules (2021-nov/XeonE5-2660v3)
DCC-SW: Added modules (2020-aug/XeonE5-2660v3)
DCC-SW: Removed standard modules: /apps/dcc/etc/ModulesSL73/modulefiles
DCC-SW: Using gnu/9.3.0 compiler
DCC-SW: Released modules (2020-aug/XeonE5-2660v3)
Modules Release 4.8.0 (2021-07-14)
DCC-SW: Added modules (2021-nov/XeonE5-2660v3)
DCC-SW: Removed standard modules: /apps/dcc/etc/ModulesSL73/modulefiles
DCC-SW: Using gnu/11.2.0 compiler
DCC-SW: Released modules (2021-nov/XeonE5-2660v3)
DCC-SW: Added modules (2020-aug/XeonE5-2660v3)
DCC-SW: Removed standard modules: /apps/dcc/etc/ModulesSL73/modulefiles
DCC-SW: Using gnu/9.3.0 compiler
DCC-SW: Released modules (2020-aug/XeonE5-2660v3)
Modules Release 4.3.0 (2019-07-26)
DCC-SW: Added modules (2021-nov/XeonE5-2660v3)
DCC-SW: Removed standard modules: /apps/dcc/etc/ModulesSL73/modulefiles
DCC-SW: Using gnu/11.2.0 compiler
DCC-SW: Released modules (2021-nov/XeonE5-2660v3)
DCC-SW: Added modules (2020-aug/XeonE5-2660v3)
DCC-SW: Removed standard modules: /apps/dcc/etc/ModulesSL73/modulefiles
DCC-SW: Using gnu/9.3.0 compiler
