venv: /zhome/fa/5/1000203270/CAMD2022/venv/bin/activate
      Step     Time          Energy          fmax
BFGS:    0 13:06:03      -83.153821        13.367113
BFGS:    1 13:06:18      -77.838833        65.606730
BFGS:    2 13:06:29      -83.318104         4.854696
BFGS:    3 13:06:41      -83.324151         1.979301
BFGS:    4 13:06:52      -83.329820         0.320524
BFGS:    5 13:07:04      -83.328197         0.192840
BFGS:    6 13:07:17      -83.326540         0.109214
BFGS:    7 13:07:29      -83.326067         0.390644
BFGS:    8 13:07:42      -83.326488         0.005344
      Step     Time          Energy          fmax
BFGS:    0 13:07:51      -75.274913        20.605425
BFGS:    1 13:08:10      -70.642596        61.802348
BFGS:    2 13:08:23      -75.641726         6.936611
BFGS:    3 13:08:37      -75.671625         2.881204
BFGS:    4 13:08:49      -75.684927         0.188526
BFGS:    5 13:09:04      -75.686985         0.117796
BFGS:    6 13:09:18      -75.689322         0.366879
BFGS:    7 13:09:31      -75.690282         0.440194
BFGS:    8 13:09:44      -75.688668         0.014501
BFGS:    9 13:09:57      -75.688898         0.003119

------------------------------------------------------------
Sender: LSF System <lsfadmin@hpc.dtu.dk>
Subject: Job 13908963: <intercalation_e.py> in cluster <dcc> Exited

Job <intercalation_e.py> was submitted from host <n-62-30-7> by user <dft22x019> in cluster <dcc> at Tue Aug 16 13:05:39 2022
Job was executed on host(s) <8*n-62-28-34>, in queue <hpc>, as user <dft22x019> in cluster <dcc> at Tue Aug 16 13:05:41 2022
</zhome/fa/5/1000203270> was used as the home directory.
</zhome/fa/5/1000203270/CAMD2022/batteries> was used as the working directory.
Started at Tue Aug 16 13:05:41 2022
Terminated at Tue Aug 16 13:10:09 2022
Results reported at Tue Aug 16 13:10:09 2022

Your job looked like:

------------------------------------------------------------
# LSBATCH: User input
#!/bin/bash -l
id=$LSB_JOBID
mq=/zhome/fa/5/1000203270/CAMD2022/.myqueue/lsf-$id
source /zhome/fa/5/1000203270/CAMD2022/venv/bin/activate
echo "venv: /zhome/fa/5/1000203270/CAMD2022/venv/bin/activate"
(touch $mq-0 && \
 cd '/zhome/fa/5/1000203270/CAMD2022/batteries' && \
 mpiexec python3 intercalation_e.py && \
 touch $mq-1) || \
(touch $mq-2; exit 1)

------------------------------------------------------------

Exited with exit code 1.

Resource usage summary:

    CPU time :                                   1986.00 sec.
    Max Memory :                                 1240 MB
    Average Memory :                             1059.60 MB
    Total Requested Memory :                     49152.00 MB
    Delta Memory :                               47912.00 MB
    Max Swap :                                   -
    Max Processes :                              13
    Max Threads :                                41
    Run time :                                   268 sec.
    Turnaround time :                            270 sec.

The output (if any) is above this job summary.



PS:

Read file </zhome/fa/5/1000203270/CAMD2022/batteries/intercalation_e.py.13908963.err> for stderr output of this job.

